<?xml version="1.0" encoding="UTF-8"?>
<!-- Generated by org.testng.reporters.JUnitReportReporter -->
<testsuite hostname="DESKTOP-BN3PUO8" failures="0" tests="1" name="com.servicenow.testcases.TC_001Create_Incident" time="85.623" errors="0" timestamp="2023-12-09T17:48:25 IST" skipped="0">
  <testcase classname="com.servicenow.testcases.TC_001Create_Incident" name="runCreateIncident" time="85.623"/>
  <system-out/>
</testsuite> <!-- com.servicenow.testcases.TC_001Create_Incident -->
