<?xml version="1.0" encoding="UTF-8"?>
<!-- Generated by org.testng.reporters.JUnitReportReporter -->
<testsuite skipped="0" hostname="Nasar-MacBook-Air.local" name="com.framework.servicenow.tests.rest.TC001_CreateIncident_ConfigurationManager" tests="1" failures="0" timestamp="2024-02-04T21:04:22 IST" time="6.036" errors="0">
  <testcase name="createIncident" time="6.036" classname="com.framework.servicenow.tests.rest.TC001_CreateIncident_ConfigurationManager"/>
  <system-out/>
</testsuite> <!-- com.framework.servicenow.tests.rest.TC001_CreateIncident_ConfigurationManager -->
