<?xml version="1.0" encoding="UTF-8"?>
<!-- Generated by org.testng.reporters.JUnitReportReporter -->
<testsuite hostname="DESKTOP-BN3PUO8" failures="0" tests="1" name="com.framework.servicenow.tests.rest.TC001_UiBank" time="6.918" errors="0" timestamp="2023-12-10T15:58:58 IST" skipped="0">
  <testcase classname="com.framework.servicenow.tests.rest.TC001_UiBank" name="createIncident" time="6.918"/>
  <system-out/>
</testsuite> <!-- com.framework.servicenow.tests.rest.TC001_UiBank -->
