<?xml version="1.0" encoding="UTF-8"?>
<!-- Generated by org.testng.reporters.JUnitReportReporter -->
<testsuite hostname="DESKTOP-BN3PUO8" failures="0" tests="1" name="com.framework.servicenow.tests.rest.TC001_CreateIncident_Property" time="11.156" errors="0" timestamp="2024-01-06T11:01:24 IST" skipped="0">
  <testcase classname="com.framework.servicenow.tests.rest.TC001_CreateIncident_Property" name="createIncident" time="11.156"/>
  <system-out/>
</testsuite> <!-- com.framework.servicenow.tests.rest.TC001_CreateIncident_Property -->
