<?xml version="1.0" encoding="UTF-8"?>
<!-- Generated by org.testng.reporters.JUnitReportReporter -->
<testsuite skipped="0" hostname="Nasar-MacBook-Air.local" name="com.framework.servicenow.tests.rest.TC0003_DeleteIncident" tests="1" failures="0" timestamp="2024-02-04T21:04:22 IST" time="2.927" errors="0">
  <testcase name="deleteincident" time="2.927" classname="com.framework.servicenow.tests.rest.TC0003_DeleteIncident"/>
  <system-out/>
</testsuite> <!-- com.framework.servicenow.tests.rest.TC0003_DeleteIncident -->
