<?xml version="1.0" encoding="UTF-8"?>
<!-- Generated by org.testng.reporters.JUnitReportReporter -->
<testsuite skipped="0" hostname="TL1061" name="com.servicenow.testcases.TC_002UpdateIncident" tests="1" failures="0" timestamp="2023-11-03T19:53:12 IST" time="100.019" errors="0">
  <testcase name="runUpdateIncident" time="100.019" classname="com.servicenow.testcases.TC_002UpdateIncident"/>
  <system-out/>
</testsuite> <!-- com.servicenow.testcases.TC_002UpdateIncident -->
