<?xml version="1.0" encoding="UTF-8"?>
<!-- Generated by org.testng.reporters.JUnitReportReporter -->
<testsuite skipped="0" hostname="TL1061" name="com.servicenow.testcases.TC_003DeleteIncident" tests="1" failures="0" timestamp="2023-11-03T19:55:03 IST" time="95.766" errors="0">
  <testcase name="runDeleteIncident" time="95.766" classname="com.servicenow.testcases.TC_003DeleteIncident"/>
  <system-out/>
</testsuite> <!-- com.servicenow.testcases.TC_003DeleteIncident -->
